<?xml version="1.0" encoding="UTF-8"?>
<!-- Generated by org.testng.reporters.JUnitReportReporter -->
<testsuite hostname="VL-HCM-LAP-MACVG3QC.local" failures="0" tests="5" name="com.vnexpress.Test_Authentication" time="16.145" errors="0" timestamp="26 Mar 2023 19:56:55 GMT" skipped="0">
  <testcase classname="com.vnexpress.Test_Authentication" name="TC_03_VerifyPasswordLessThanSixChars" time="3.188"/>
  <testcase classname="com.vnexpress.Test_Authentication" name="TC_02_VerifyDisplayPleaseInputPasswordErrText" time="3.488"/>
  <testcase classname="com.vnexpress.Test_Authentication" name="TC_01_VerifyEmailInvalid" time="2.104"/>
  <testcase classname="com.vnexpress.Test_Authentication" name="TC_05_verifyEmailValid" time="4.113"/>
  <testcase classname="com.vnexpress.Test_Authentication" name="TC_04_VerifyPasswordMuchMoreThanFifteenChars" time="3.252"/>
</testsuite> <!-- com.vnexpress.Test_Authentication -->
