<?xml version="1.0" encoding="UTF-8"?>
<!-- Generated by org.testng.reporters.JUnitReportReporter -->
<testsuite hostname="MacBook-Pro-cua-Mac.local" failures="0" tests="5" name="com.vnexpress.Test_Authentication" time="17.550" errors="0" timestamp="08 May 2023 08:18:30 GMT" skipped="0">
  <testcase classname="com.vnexpress.Test_Authentication" name="TC_01_VerifyEmailInvalid" time="2.321"/>
  <testcase classname="com.vnexpress.Test_Authentication" name="TC_06_VerifyEmailValid" time="4.860"/>
  <testcase classname="com.vnexpress.Test_Authentication" name="TC_05_VerifyPasswordMuchMoreThanFifteenChars" time="3.357"/>
  <testcase classname="com.vnexpress.Test_Authentication" name="TC_03_VerifyDisplayPleaseInputPasswordErrText" time="3.709"/>
  <testcase classname="com.vnexpress.Test_Authentication" name="TC_04_VerifyPasswordLessThanSixChars" time="3.303"/>
</testsuite> <!-- com.vnexpress.Test_Authentication -->
