<?xml version="1.0" encoding="UTF-8"?>
<!-- Generated by org.testng.reporters.JUnitReportReporter -->
<testsuite hostname="VL-HCM-LAP-MACVG3QC.local" failures="0" tests="8" name="com.vnexpress.Test_Navigation" time="43.451" errors="0" timestamp="26 Mar 2023 19:56:55 GMT" skipped="0">
  <testcase classname="com.vnexpress.Test_Navigation" name="TC_06_NavigateToPhanTichPageByHoverMenuAndClickSubMenu" time="7.914"/>
  <testcase classname="com.vnexpress.Test_Navigation" name="TC_07_SwitchFromVnExpressToMailTab" time="6.780"/>
  <testcase classname="com.vnexpress.Test_Navigation" name="TC_08_SwitchFromVnExpressToFacebookWindow" time="3.404"/>
  <testcase classname="com.vnexpress.Test_Navigation" name="TC_04_ForwardToZing" time="2.335"/>
  <testcase classname="com.vnexpress.Test_Navigation" name="TC_02_BackToVnExpress" time="5.578"/>
  <testcase classname="com.vnexpress.Test_Navigation" name="TC_05_NavigateToTheGioiPageByClickMenu" time="9.796"/>
  <testcase classname="com.vnexpress.Test_Navigation" name="TC_01_NavigateToZing" time="4.715"/>
  <testcase classname="com.vnexpress.Test_Navigation" name="TC_03_RefreshVnExpressUrl" time="2.929"/>
</testsuite> <!-- com.vnexpress.Test_Navigation -->
