<?xml version="1.0" encoding="UTF-8"?>
<!-- Generated by org.testng.reporters.JUnitReportReporter -->
<testsuite hostname="VL-HCM-LAP-MACVG3QC.local" failures="0" tests="8" name="com.vnexpress.Test_Navigation" time="42.694" errors="0" timestamp="26 Mar 2023 18:40:52 GMT" skipped="0">
  <testcase classname="com.vnexpress.Test_Navigation" name="TC_02_BackToVnExpress" time="5.438"/>
  <testcase classname="com.vnexpress.Test_Navigation" name="TC_07_SwitchFromVnExpressToMailTab" time="5.685"/>
  <testcase classname="com.vnexpress.Test_Navigation" name="TC_05_NavigateToTheGioiPageByClickMenu" time="7.145"/>
  <testcase classname="com.vnexpress.Test_Navigation" name="TC_04_ForwardToZing" time="1.930"/>
  <testcase classname="com.vnexpress.Test_Navigation" name="TC_06_NavigateToPhanTichPageByHoverMenuAndClickSubMenu" time="8.439"/>
  <testcase classname="com.vnexpress.Test_Navigation" name="TC_01_NavigateToZing" time="3.682"/>
  <testcase classname="com.vnexpress.Test_Navigation" name="TC_03_RefreshVnExpressUrl" time="7.437"/>
  <testcase classname="com.vnexpress.Test_Navigation" name="TC_08_SwitchFromVnExpressToFacebookWindow" time="2.938"/>
</testsuite> <!-- com.vnexpress.Test_Navigation -->
