<?xml version="1.0" encoding="UTF-8"?>
<!-- Generated by org.testng.reporters.JUnitReportReporter -->
<testsuite hostname="MacBook-Pro-cua-Mac.local" failures="0" tests="1" name="com.vnexpress.Test_Authentication" time="3.899" errors="0" timestamp="19 Apr 2023 15:02:28 GMT" skipped="0">
  <testcase classname="com.vnexpress.Test_Authentication" name="TC_01_VerifyEmailInvalid" time="3.899"/>
</testsuite> <!-- com.vnexpress.Test_Authentication -->
