<?xml version="1.0" encoding="UTF-8"?>
<!-- Generated by org.testng.reporters.JUnitReportReporter -->
<testsuite hostname="VL-HCM-LAP-MACVG3QC.local" failures="0" tests="5" name="com.vnexpress.Check_Article_Content" time="3.518" errors="0" timestamp="26 Mar 2023 18:40:52 GMT" skipped="0">
  <testcase classname="com.vnexpress.Check_Article_Content" name="TC_01_Verify_Item_Header_Display" time="0.603"/>
  <testcase classname="com.vnexpress.Check_Article_Content" name="TC_03_Verify_Section_Page_Detail_Display" time="1.177"/>
  <testcase classname="com.vnexpress.Check_Article_Content" name="TC_02_Verify_Navigation_Bar_Item_Display" time="1.174"/>
  <testcase classname="com.vnexpress.Check_Article_Content" name="TC_05_Verify_Footer_Content_Item_Display" time="0.243"/>
  <testcase classname="com.vnexpress.Check_Article_Content" name="TC_04_Verify_Social_Left_Item_Display" time="0.321"/>
</testsuite> <!-- com.vnexpress.Check_Article_Content -->
